# JRE version: OpenJDK Runtime Environment (8.0_265-b01) (build 1.8.0_265-8u265-b01-0ubuntu2~18.04-b01)
# Java VM: OpenJDK 64-Bit Server VM (25.265-b01 mixed mode linux-amd64 compressed oops)
Heap:
 def new generation   total 943808K, used 617320K [0x00000006c0000000, 0x0000000700010000, 0x0000000715550000)
  eden space 838976K,  73% used [0x00000006c0000000, 0x00000006e5a0d878, 0x00000006f3350000)
  from space 104832K,   0% used [0x00000006f99b0000, 0x00000006f9a7ca38, 0x0000000700010000)
  to   space 104832K,   0% used [0x00000006f3350000, 0x00000006f3350000, 0x00000006f99b0000)
 tenured generation   total 2097152K, used 1560738K [0x0000000715550000, 0x0000000795550000, 0x00000007c0000000)
   the space 2097152K,  74% used [0x0000000715550000, 0x0000000774978840, 0x0000000774978a00, 0x0000000795550000)
 Metaspace       used 104602K, capacity 116558K, committed 116696K, reserved 1148928K
  class space    used 13967K, capacity 16579K, committed 16640K, reserved 1048576K
GC Heap History (10 events):
Event: 16475.971 GC heap before
{Heap before GC invocations=896 (full 4):
 def new generation   total 943808K, used 839774K [0x00000006c0000000, 0x0000000700010000, 0x0000000715550000)
  eden space 838976K, 100% used [0x00000006c0000000, 0x00000006f3350000, 0x00000006f3350000)
  from space 104832K,   0% used [0x00000006f3350000, 0x00000006f3417838, 0x00000006f99b0000)
  to   space 104832K,   0% used [0x00000006f99b0000, 0x00000006f99b0000, 0x0000000700010000)
 tenured generation   total 2097152K, used 1560579K [0x0000000715550000, 0x0000000795550000, 0x00000007c0000000)
   the space 2097152K,  74% used [0x0000000715550000, 0x0000000774950da0, 0x0000000774950e00, 0x0000000795550000)
 Metaspace       used 104596K, capacity 116494K, committed 116696K, reserved 1148928K
  class space    used 13967K, capacity 16579K, committed 16640K, reserved 1048576K
Event: 16475.982 GC heap after
Heap after GC invocations=897 (full 4):
 def new generation   total 943808K, used 860K [0x00000006c0000000, 0x0000000700010000, 0x0000000715550000)
  eden space 838976K,   0% used [0x00000006c0000000, 0x00000006c0000000, 0x00000006f3350000)
  from space 104832K,   0% used [0x00000006f99b0000, 0x00000006f9a87320, 0x0000000700010000)
  to   space 104832K,   0% used [0x00000006f3350000, 0x00000006f3350000, 0x00000006f99b0000)
 tenured generation   total 2097152K, used 1560580K [0x0000000715550000, 0x0000000795550000, 0x00000007c0000000)
   the space 2097152K,  74% used [0x0000000715550000, 0x0000000774951178, 0x0000000774951200, 0x0000000795550000)
 Metaspace       used 104596K, capacity 116494K, committed 116696K, reserved 1148928K
  class space    used 13967K, capacity 16579K, committed 16640K, reserved 1048576K
}
Event: 16514.738 GC heap before
{Heap before GC invocations=897 (full 4):
 def new generation   total 943808K, used 839836K [0x00000006c0000000, 0x0000000700010000, 0x0000000715550000)
  eden space 838976K, 100% used [0x00000006c0000000, 0x00000006f3350000, 0x00000006f3350000)
  from space 104832K,   0% used [0x00000006f99b0000, 0x00000006f9a87320, 0x0000000700010000)
  to   space 104832K,   0% used [0x00000006f3350000, 0x00000006f3350000, 0x00000006f99b0000)
 tenured generation   total 2097152K, used 1560580K [0x0000000715550000, 0x0000000795550000, 0x00000007c0000000)
   the space 2097152K,  74% used [0x0000000715550000, 0x0000000774951178, 0x0000000774951200, 0x0000000795550000)
 Metaspace       used 104596K, capacity 116494K, committed 116696K, reserved 1148928K
  class space    used 13967K, capacity 16579K, committed 16640K, reserved 1048576K
Event: 16514.762 GC heap after
Heap after GC invocations=898 (full 4):
 def new generation   total 943808K, used 841K [0x00000006c0000000, 0x0000000700010000, 0x0000000715550000)
  eden space 838976K,   0% used [0x00000006c0000000, 0x00000006c0000000, 0x00000006f3350000)
  from space 104832K,   0% used [0x00000006f3350000, 0x00000006f34226f8, 0x00000006f99b0000)
  to   space 104832K,   0% used [0x00000006f99b0000, 0x00000006f99b0000, 0x0000000700010000)
 tenured generation   total 2097152K, used 1560589K [0x0000000715550000, 0x0000000795550000, 0x00000007c0000000)
   the space 2097152K,  74% used [0x0000000715550000, 0x00000007749534f0, 0x0000000774953600, 0x0000000795550000)
 Metaspace       used 104596K, capacity 116494K, committed 116696K, reserved 1148928K
  class space    used 13967K, capacity 16579K, committed 16640K, reserved 1048576K
}
Event: 16553.468 GC heap before
{Heap before GC invocations=898 (full 4):
 def new generation   total 943808K, used 839817K [0x00000006c0000000, 0x0000000700010000, 0x0000000715550000)
  eden space 838976K, 100% used [0x00000006c0000000, 0x00000006f3350000, 0x00000006f3350000)
  from space 104832K,   0% used [0x00000006f3350000, 0x00000006f34226f8, 0x00000006f99b0000)
  to   space 104832K,   0% used [0x00000006f99b0000, 0x00000006f99b0000, 0x0000000700010000)
 tenured generation   total 2097152K, used 1560589K [0x0000000715550000, 0x0000000795550000, 0x00000007c0000000)
   the space 2097152K,  74% used [0x0000000715550000, 0x00000007749534f0, 0x0000000774953600, 0x0000000795550000)
 Metaspace       used 104596K, capacity 116494K, committed 116696K, reserved 1148928K
  class space    used 13967K, capacity 16579K, committed 16640K, reserved 1048576K
Event: 16553.478 GC heap after
Heap after GC invocations=899 (full 4):
 def new generation   total 943808K, used 771K [0x00000006c0000000, 0x0000000700010000, 0x0000000715550000)
  eden space 838976K,   0% used [0x00000006c0000000, 0x00000006c0000000, 0x00000006f3350000)
  from space 104832K,   0% used [0x00000006f99b0000, 0x00000006f9a70f18, 0x0000000700010000)
  to   space 104832K,   0% used [0x00000006f3350000, 0x00000006f3350000, 0x00000006f99b0000)
 tenured generation   total 2097152K, used 1560628K [0x0000000715550000, 0x0000000795550000, 0x00000007c0000000)
   the space 2097152K,  74% used [0x0000000715550000, 0x000000077495d350, 0x000000077495d400, 0x0000000795550000)
 Metaspace       used 104596K, capacity 116494K, committed 116696K, reserved 1148928K
  class space    used 13967K, capacity 16579K, committed 16640K, reserved 1048576K
}
Event: 16591.819 GC heap before
{Heap before GC invocations=899 (full 4):
 def new generation   total 943808K, used 839747K [0x00000006c0000000, 0x0000000700010000, 0x0000000715550000)
  eden space 838976K, 100% used [0x00000006c0000000, 0x00000006f3350000, 0x00000006f3350000)
  from space 104832K,   0% used [0x00000006f99b0000, 0x00000006f9a70f18, 0x0000000700010000)
  to   space 104832K,   0% used [0x00000006f3350000, 0x00000006f3350000, 0x00000006f99b0000)
 tenured generation   total 2097152K, used 1560628K [0x0000000715550000, 0x0000000795550000, 0x00000007c0000000)
   the space 2097152K,  74% used [0x0000000715550000, 0x000000077495d350, 0x000000077495d400, 0x0000000795550000)
 Metaspace       used 104599K, capacity 116558K, committed 116696K, reserved 1148928K
  class space    used 13967K, capacity 16579K, committed 16640K, reserved 1048576K
Event: 16591.840 GC heap after
Heap after GC invocations=900 (full 4):
 def new generation   total 943808K, used 803K [0x00000006c0000000, 0x0000000700010000, 0x0000000715550000)
  eden space 838976K,   0% used [0x00000006c0000000, 0x00000006c0000000, 0x00000006f3350000)
  from space 104832K,   0% used [0x00000006f3350000, 0x00000006f3418e30, 0x00000006f99b0000)
  to   space 104832K,   0% used [0x00000006f99b0000, 0x00000006f99b0000, 0x0000000700010000)
 tenured generation   total 2097152K, used 1560678K [0x0000000715550000, 0x0000000795550000, 0x00000007c0000000)
   the space 2097152K,  74% used [0x0000000715550000, 0x0000000774969b78, 0x0000000774969c00, 0x0000000795550000)
 Metaspace       used 104599K, capacity 116558K, committed 116696K, reserved 1148928K
  class space    used 13967K, capacity 16579K, committed 16640K, reserved 1048576K
}
Event: 16628.672 GC heap before
{Heap before GC invocations=900 (full 4):
 def new generation   total 943808K, used 839779K [0x00000006c0000000, 0x0000000700010000, 0x0000000715550000)
  eden space 838976K, 100% used [0x00000006c0000000, 0x00000006f3350000, 0x00000006f3350000)
  from space 104832K,   0% used [0x00000006f3350000, 0x00000006f3418e30, 0x00000006f99b0000)
  to   space 104832K,   0% used [0x00000006f99b0000, 0x00000006f99b0000, 0x0000000700010000)
 tenured generation   total 2097152K, used 1560678K [0x0000000715550000, 0x0000000795550000, 0x00000007c0000000)
   the space 2097152K,  74% used [0x0000000715550000, 0x0000000774969b78, 0x0000000774969c00, 0x0000000795550000)
 Metaspace       used 104602K, capacity 116558K, committed 116696K, reserved 1148928K
  class space    used 13967K, capacity 16579K, committed 16640K, reserved 1048576K
Event: 16628.685 GC heap after
Heap after GC invocations=901 (full 4):
 def new generation   total 943808K, used 818K [0x00000006c0000000, 0x0000000700010000, 0x0000000715550000)
  eden space 838976K,   0% used [0x00000006c0000000, 0x00000006c0000000, 0x00000006f3350000)
  from space 104832K,   0% used [0x00000006f99b0000, 0x00000006f9a7ca38, 0x0000000700010000)
  to   space 104832K,   0% used [0x00000006f3350000, 0x00000006f3350000, 0x00000006f99b0000)
 tenured generation   total 2097152K, used 1560738K [0x0000000715550000, 0x0000000795550000, 0x00000007c0000000)
   the space 2097152K,  74% used [0x0000000715550000, 0x0000000774978840, 0x0000000774978a00, 0x0000000795550000)
 Metaspace       used 104602K, capacity 116558K, committed 116696K, reserved 1148928K
  class space    used 13967K, capacity 16579K, committed 16640K, reserved 1048576K
}

